2015/09/14 08:59:51 [INFO] Packer version: 0.8.6  f8f7b7a34c1be06058f5aca23a51247db12cdbc5+CHANGES
2015/09/14 08:59:51 Packer Target OS/Arch: darwin amd64
2015/09/14 08:59:51 Built with Go Version: go1.5
2015/09/14 08:59:51 [DEBUG] Discovered plugin: amazon-chroot = /usr/local/bin/packer-builder-amazon-chroot
2015/09/14 08:59:51 [DEBUG] Discovered plugin: amazon-ebs = /usr/local/bin/packer-builder-amazon-ebs
2015/09/14 08:59:51 [DEBUG] Discovered plugin: amazon-instance = /usr/local/bin/packer-builder-amazon-instance
2015/09/14 08:59:51 [DEBUG] Discovered plugin: digitalocean = /usr/local/bin/packer-builder-digitalocean
2015/09/14 08:59:51 [DEBUG] Discovered plugin: docker = /usr/local/bin/packer-builder-docker
2015/09/14 08:59:51 [DEBUG] Discovered plugin: file = /usr/local/bin/packer-builder-file
2015/09/14 08:59:51 [DEBUG] Discovered plugin: googlecompute = /usr/local/bin/packer-builder-googlecompute
2015/09/14 08:59:51 [DEBUG] Discovered plugin: null = /usr/local/bin/packer-builder-null
2015/09/14 08:59:51 [DEBUG] Discovered plugin: openstack = /usr/local/bin/packer-builder-openstack
2015/09/14 08:59:51 [DEBUG] Discovered plugin: parallels-iso = /usr/local/bin/packer-builder-parallels-iso
2015/09/14 08:59:51 [DEBUG] Discovered plugin: parallels-pvm = /usr/local/bin/packer-builder-parallels-pvm
2015/09/14 08:59:51 [DEBUG] Discovered plugin: qemu = /usr/local/bin/packer-builder-qemu
2015/09/14 08:59:51 [DEBUG] Discovered plugin: virtualbox-iso = /usr/local/bin/packer-builder-virtualbox-iso
2015/09/14 08:59:51 [DEBUG] Discovered plugin: virtualbox-ovf = /usr/local/bin/packer-builder-virtualbox-ovf
2015/09/14 08:59:51 [DEBUG] Discovered plugin: vmware-iso = /usr/local/bin/packer-builder-vmware-iso
2015/09/14 08:59:51 [DEBUG] Discovered plugin: vmware-vmx = /usr/local/bin/packer-builder-vmware-vmx
2015/09/14 08:59:51 [DEBUG] Discovered plugin: artifice = /usr/local/bin/packer-post-processor-artifice
2015/09/14 08:59:51 [DEBUG] Discovered plugin: atlas = /usr/local/bin/packer-post-processor-atlas
2015/09/14 08:59:51 [DEBUG] Discovered plugin: compress = /usr/local/bin/packer-post-processor-compress
2015/09/14 08:59:51 [DEBUG] Discovered plugin: docker-import = /usr/local/bin/packer-post-processor-docker-import
2015/09/14 08:59:51 [DEBUG] Discovered plugin: docker-push = /usr/local/bin/packer-post-processor-docker-push
2015/09/14 08:59:51 [DEBUG] Discovered plugin: docker-save = /usr/local/bin/packer-post-processor-docker-save
2015/09/14 08:59:51 [DEBUG] Discovered plugin: docker-tag = /usr/local/bin/packer-post-processor-docker-tag
2015/09/14 08:59:51 [DEBUG] Discovered plugin: vagrant = /usr/local/bin/packer-post-processor-vagrant
2015/09/14 08:59:51 [DEBUG] Discovered plugin: vagrant-cloud = /usr/local/bin/packer-post-processor-vagrant-cloud
2015/09/14 08:59:51 [DEBUG] Discovered plugin: vsphere = /usr/local/bin/packer-post-processor-vsphere
2015/09/14 08:59:51 [DEBUG] Discovered plugin: ansible-local = /usr/local/bin/packer-provisioner-ansible-local
2015/09/14 08:59:51 [DEBUG] Discovered plugin: chef-client = /usr/local/bin/packer-provisioner-chef-client
2015/09/14 08:59:51 [DEBUG] Discovered plugin: chef-solo = /usr/local/bin/packer-provisioner-chef-solo
2015/09/14 08:59:51 [DEBUG] Discovered plugin: file = /usr/local/bin/packer-provisioner-file
2015/09/14 08:59:51 [DEBUG] Discovered plugin: powershell = /usr/local/bin/packer-provisioner-powershell
2015/09/14 08:59:51 [DEBUG] Discovered plugin: puppet-masterless = /usr/local/bin/packer-provisioner-puppet-masterless
2015/09/14 08:59:51 [DEBUG] Discovered plugin: puppet-server = /usr/local/bin/packer-provisioner-puppet-server
2015/09/14 08:59:51 [DEBUG] Discovered plugin: salt-masterless = /usr/local/bin/packer-provisioner-salt-masterless
2015/09/14 08:59:51 [DEBUG] Discovered plugin: shell = /usr/local/bin/packer-provisioner-shell
2015/09/14 08:59:51 [DEBUG] Discovered plugin: shell-local = /usr/local/bin/packer-provisioner-shell-local
2015/09/14 08:59:51 [DEBUG] Discovered plugin: windows-restart = /usr/local/bin/packer-provisioner-windows-restart
2015/09/14 08:59:51 [DEBUG] Discovered plugin: windows-shell = /usr/local/bin/packer-provisioner-windows-shell
2015/09/14 08:59:51 Detected home directory from env var: /Users/dbarroso
2015/09/14 08:59:51 Detected home directory from env var: /Users/dbarroso
2015/09/14 08:59:51 Attempting to open config file: /Users/dbarroso/.packerconfig
2015/09/14 08:59:51 [WARN] Config file doesn't exist: /Users/dbarroso/.packerconfig
2015/09/14 08:59:51 Packer config: &{DisableCheckpoint:false DisableCheckpointSignature:false PluginMinPort:10000 PluginMaxPort:25000 Builders:map[amazon-ebs:/usr/local/bin/packer-builder-amazon-ebs digitalocean:/usr/local/bin/packer-builder-digitalocean file:/usr/local/bin/packer-builder-file null:/usr/local/bin/packer-builder-null amazon-chroot:/usr/local/bin/packer-builder-amazon-chroot parallels-pvm:/usr/local/bin/packer-builder-parallels-pvm qemu:/usr/local/bin/packer-builder-qemu virtualbox-ovf:/usr/local/bin/packer-builder-virtualbox-ovf vmware-vmx:/usr/local/bin/packer-builder-vmware-vmx docker:/usr/local/bin/packer-builder-docker parallels-iso:/usr/local/bin/packer-builder-parallels-iso vmware-iso:/usr/local/bin/packer-builder-vmware-iso amazon-instance:/usr/local/bin/packer-builder-amazon-instance googlecompute:/usr/local/bin/packer-builder-googlecompute openstack:/usr/local/bin/packer-builder-openstack virtualbox-iso:/usr/local/bin/packer-builder-virtualbox-iso] PostProcessors:map[compress:/usr/local/bin/packer-post-processor-compress docker-import:/usr/local/bin/packer-post-processor-docker-import docker-push:/usr/local/bin/packer-post-processor-docker-push docker-tag:/usr/local/bin/packer-post-processor-docker-tag vagrant:/usr/local/bin/packer-post-processor-vagrant artifice:/usr/local/bin/packer-post-processor-artifice atlas:/usr/local/bin/packer-post-processor-atlas vsphere:/usr/local/bin/packer-post-processor-vsphere docker-save:/usr/local/bin/packer-post-processor-docker-save vagrant-cloud:/usr/local/bin/packer-post-processor-vagrant-cloud] Provisioners:map[powershell:/usr/local/bin/packer-provisioner-powershell shell-local:/usr/local/bin/packer-provisioner-shell-local windows-shell:/usr/local/bin/packer-provisioner-windows-shell ansible-local:/usr/local/bin/packer-provisioner-ansible-local file:/usr/local/bin/packer-provisioner-file puppet-masterless:/usr/local/bin/packer-provisioner-puppet-masterless puppet-server:/usr/local/bin/packer-provisioner-puppet-server salt-masterless:/usr/local/bin/packer-provisioner-salt-masterless shell:/usr/local/bin/packer-provisioner-shell windows-restart:/usr/local/bin/packer-provisioner-windows-restart chef-client:/usr/local/bin/packer-provisioner-chef-client chef-solo:/usr/local/bin/packer-provisioner-chef-solo]}
2015/09/14 08:59:51 Setting cache directory: /Users/dbarroso/Documents/workspace/spotify/vagrant-iosxrv/packer/packer_cache
2015/09/14 08:59:51 Detected home directory from env var: /Users/dbarroso
2015/09/14 08:59:51 Loading builder: virtualbox-ovf
2015/09/14 08:59:51 Creating plugin client for path: /usr/local/bin/packer-builder-virtualbox-ovf
2015/09/14 08:59:51 Starting plugin: /usr/local/bin/packer-builder-virtualbox-ovf []string{"/usr/local/bin/packer-builder-virtualbox-ovf"}
2015/09/14 08:59:51 Waiting for RPC address for: /usr/local/bin/packer-builder-virtualbox-ovf
2015/09/14 08:59:51 packer-builder-virtualbox-ovf: 2015/09/14 08:59:51 Plugin minimum port: 10000
2015/09/14 08:59:51 packer-builder-virtualbox-ovf: 2015/09/14 08:59:51 Plugin maximum port: 25000
2015/09/14 08:59:51 packer-builder-virtualbox-ovf: 2015/09/14 08:59:51 Plugin address: unix /var/folders/d9/9h8nsvsd2_vgt9y1l73jhhvr0000gn/T/packer-plugin661978113
2015/09/14 08:59:51 packer-builder-virtualbox-ovf: 2015/09/14 08:59:51 Waiting for connection...
2015/09/14 08:59:51 packer-builder-virtualbox-ovf: 2015/09/14 08:59:51 Serving a plugin connection...
2015/09/14 08:59:51 Loading post-processor: vagrant
2015/09/14 08:59:51 Creating plugin client for path: /usr/local/bin/packer-post-processor-vagrant
2015/09/14 08:59:51 Starting plugin: /usr/local/bin/packer-post-processor-vagrant []string{"/usr/local/bin/packer-post-processor-vagrant"}
2015/09/14 08:59:51 Waiting for RPC address for: /usr/local/bin/packer-post-processor-vagrant
2015/09/14 08:59:51 packer-post-processor-vagrant: 2015/09/14 08:59:51 Plugin minimum port: 10000
2015/09/14 08:59:51 packer-post-processor-vagrant: 2015/09/14 08:59:51 Plugin maximum port: 25000
2015/09/14 08:59:51 packer-post-processor-vagrant: 2015/09/14 08:59:51 Plugin address: unix /var/folders/d9/9h8nsvsd2_vgt9y1l73jhhvr0000gn/T/packer-plugin162288585
2015/09/14 08:59:51 packer-post-processor-vagrant: 2015/09/14 08:59:51 Waiting for connection...
2015/09/14 08:59:51 packer-post-processor-vagrant: 2015/09/14 08:59:51 Serving a plugin connection...
2015/09/14 08:59:51 ui: [1;32mIOSXRv output will be in this color.[0m
2015/09/14 08:59:51 ui: 
2015/09/14 08:59:51 Build debug mode: false
2015/09/14 08:59:51 Force build: false
2015/09/14 08:59:51 Preparing build: IOSXRv
2015/09/14 08:59:51 ui: [1;32mWarnings for build 'IOSXRv':
[0m
2015/09/14 08:59:51 ui: [1;32m* A shutdown_command was not specified. Without a shutdown command, Packer
will forcibly halt the virtual machine, which may result in data loss.[0m
2015/09/14 08:59:51 ui: [1;32m[0m
2015/09/14 08:59:51 Waiting on builds to complete...
2015/09/14 08:59:51 Starting build run: IOSXRv
2015/09/14 08:59:51 Running builder: virtualbox-ovf
2015/09/14 08:59:51 packer-builder-virtualbox-ovf: 2015/09/14 08:59:51 VBoxManage path: /usr/local/bin/VBoxManage
2015/09/14 08:59:51 packer-builder-virtualbox-ovf: 2015/09/14 08:59:51 Suppressing annoying messages in VirtualBox
2015/09/14 08:59:51 packer-builder-virtualbox-ovf: 2015/09/14 08:59:51 Executing VBoxManage: []string{"setextradata", "global", "GUI/RegistrationData", "triesLeft=0"}
2015/09/14 08:59:51 packer-builder-virtualbox-ovf: 2015/09/14 08:59:51 stdout:
2015/09/14 08:59:51 packer-builder-virtualbox-ovf: 2015/09/14 08:59:51 stderr:
2015/09/14 08:59:51 packer-builder-virtualbox-ovf: 2015/09/14 08:59:51 Executing VBoxManage: []string{"setextradata", "global", "GUI/SuppressMessages", "confirmInputCapture,remindAboutAutoCapture,remindAboutMouseIntegrationOff,remindAboutMouseIntegrationOn,remindAboutWrongColorDepth"}
2015/09/14 08:59:51 packer-builder-virtualbox-ovf: 2015/09/14 08:59:51 stdout:
2015/09/14 08:59:51 packer-builder-virtualbox-ovf: 2015/09/14 08:59:51 stderr:
2015/09/14 08:59:51 packer-builder-virtualbox-ovf: 2015/09/14 08:59:51 Executing VBoxManage: []string{"setextradata", "global", "GUI/UpdateCheckCount", "60"}
2015/09/14 08:59:51 packer-builder-virtualbox-ovf: 2015/09/14 08:59:51 stdout:
2015/09/14 08:59:51 packer-builder-virtualbox-ovf: 2015/09/14 08:59:51 stderr:
2015/09/14 08:59:51 packer-builder-virtualbox-ovf: 2015/09/14 08:59:51 Executing VBoxManage: []string{"setextradata", "global", "GUI/UpdateDate", "1 d, 2016-01-01, stable"}
2015/09/14 08:59:51 packer-builder-virtualbox-ovf: 2015/09/14 08:59:51 stdout:
2015/09/14 08:59:51 packer-builder-virtualbox-ovf: 2015/09/14 08:59:51 stderr:
2015/09/14 08:59:51 packer-builder-virtualbox-ovf: 2015/09/14 08:59:51 No floppy files specified. Floppy disk will not be made.
2015/09/14 08:59:51 packer-builder-virtualbox-ovf: 2015/09/14 08:59:51 Not downloading guest additions since it is disabled.
2015/09/14 08:59:51 ui: [1;32m==> IOSXRv: Importing VM: source/IOSXRv.ovf[0m
2015/09/14 08:59:51 packer-builder-virtualbox-ovf: 2015/09/14 08:59:51 Executing VBoxManage: []string{"import", "source/IOSXRv.ovf", "--vsys", "0", "--vmname", "IOSXRv-5.3.0"}
2015/09/14 08:59:55 packer-builder-virtualbox-ovf: 2015/09/14 08:59:55 stdout: Disks:
2015/09/14 08:59:55 packer-builder-virtualbox-ovf:   vmdisk1	2147483648	-1	http://www.vmware.com/interfaces/specifications/vmdk.html#streamOptimized	IOSXRv.vmdk	-1	-1
2015/09/14 08:59:55 packer-builder-virtualbox-ovf: 
2015/09/14 08:59:55 packer-builder-virtualbox-ovf: Virtual system 0:
2015/09/14 08:59:55 packer-builder-virtualbox-ovf:  0: Suggested OS type: "Linux_64"
2015/09/14 08:59:55 packer-builder-virtualbox-ovf:     (change with "--vsys 0 --ostype <type>"; use "list ostypes" to list all possible values)
2015/09/14 08:59:55 packer-builder-virtualbox-ovf:  1: VM name specified with --vmname: "IOSXRv-5.3.0"
2015/09/14 08:59:55 packer-builder-virtualbox-ovf:  2: Product (ignored): IOSXRv
2015/09/14 08:59:55 packer-builder-virtualbox-ovf:  3: Vendor (ignored): Cisco
2015/09/14 08:59:55 packer-builder-virtualbox-ovf:  4: Version (ignored): 5.3.0
2015/09/14 08:59:55 packer-builder-virtualbox-ovf:  5: VendorUrl (ignored): http://www.cisco.com/
2015/09/14 08:59:55 packer-builder-virtualbox-ovf:  6: Number of CPUs: 1
2015/09/14 08:59:55 packer-builder-virtualbox-ovf:     (change with "--vsys 0 --cpus <n>")
2015/09/14 08:59:55 packer-builder-virtualbox-ovf:  7: Guest memory: 2048 MB
2015/09/14 08:59:55 packer-builder-virtualbox-ovf:     (change with "--vsys 0 --memory <MB>")
2015/09/14 08:59:55 packer-builder-virtualbox-ovf:  8: Network adapter: orig NAT, config 6, extra slot=0;type=NAT
2015/09/14 08:59:55 packer-builder-virtualbox-ovf:  9: IDE controller, type PIIX4
2015/09/14 08:59:55 packer-builder-virtualbox-ovf:     (disable with "--vsys 0 --unit 9 --ignore")
2015/09/14 08:59:55 packer-builder-virtualbox-ovf: 10: IDE controller, type PIIX4
2015/09/14 08:59:55 packer-builder-virtualbox-ovf:     (disable with "--vsys 0 --unit 10 --ignore")
2015/09/14 08:59:55 packer-builder-virtualbox-ovf: 11: Hard disk image: source image=IOSXRv.vmdk, target path=/Users/dbarroso/VirtualBox VMs/tmp_default_1428440229873_60776/IOSXRv.vmdk, controller=9;channel=0
2015/09/14 08:59:55 packer-builder-virtualbox-ovf:     (change target path with "--vsys 0 --unit 11 --disk path";
2015/09/14 08:59:55 packer-builder-virtualbox-ovf:     disable with "--vsys 0 --unit 11 --ignore")
2015/09/14 08:59:55 packer-builder-virtualbox-ovf: Successfully imported the appliance.
2015/09/14 08:59:55 packer-builder-virtualbox-ovf: 2015/09/14 08:59:55 stderr: 0%...10%...20%...30%...40%...50%...60%...70%...80%...90%...100%
2015/09/14 08:59:55 packer-builder-virtualbox-ovf: Interpreting /Users/dbarroso/Documents/workspace/spotify/vagrant-iosxrv/packer/source/IOSXRv.ovf...
2015/09/14 08:59:55 packer-builder-virtualbox-ovf: OK.
2015/09/14 08:59:55 packer-builder-virtualbox-ovf: 0%...10%...20%...30%...40%...50%...60%...70%...80%...90%...100%
2015/09/14 08:59:55 packer-builder-virtualbox-ovf: 2015/09/14 08:59:55 Not attaching guest additions since we're uploading.
2015/09/14 08:59:55 packer-builder-virtualbox-ovf: 2015/09/14 08:59:55 No floppy disk, not attaching.
2015/09/14 08:59:55 ui: [1;32m==> IOSXRv: Executing custom VBoxManage commands...[0m
2015/09/14 08:59:55 ui: [0;32m    IOSXRv: Executing: modifyvm IOSXRv-5.3.0 --memory 2048[0m
2015/09/14 08:59:55 packer-builder-virtualbox-ovf: 2015/09/14 08:59:55 Executing VBoxManage: []string{"modifyvm", "IOSXRv-5.3.0", "--memory", "2048"}
2015/09/14 08:59:55 packer-builder-virtualbox-ovf: 2015/09/14 08:59:55 stdout:
2015/09/14 08:59:55 packer-builder-virtualbox-ovf: 2015/09/14 08:59:55 stderr:
2015/09/14 08:59:55 ui: [0;32m    IOSXRv: Executing: modifyvm IOSXRv-5.3.0 --cpus 1[0m
2015/09/14 08:59:55 packer-builder-virtualbox-ovf: 2015/09/14 08:59:55 Executing VBoxManage: []string{"modifyvm", "IOSXRv-5.3.0", "--cpus", "1"}
2015/09/14 08:59:55 packer-builder-virtualbox-ovf: 2015/09/14 08:59:55 stdout:
2015/09/14 08:59:55 packer-builder-virtualbox-ovf: 2015/09/14 08:59:55 stderr:
2015/09/14 08:59:55 ui: [0;32m    IOSXRv: Executing: modifyvm IOSXRv-5.3.0 --nic1 nat[0m
2015/09/14 08:59:55 packer-builder-virtualbox-ovf: 2015/09/14 08:59:55 Executing VBoxManage: []string{"modifyvm", "IOSXRv-5.3.0", "--nic1", "nat"}
2015/09/14 08:59:55 packer-builder-virtualbox-ovf: 2015/09/14 08:59:55 stdout:
2015/09/14 08:59:55 packer-builder-virtualbox-ovf: 2015/09/14 08:59:55 stderr:
2015/09/14 08:59:55 ui: [0;32m    IOSXRv: Executing: modifyvm IOSXRv-5.3.0 --nicpromisc1 allow-all[0m
2015/09/14 08:59:55 packer-builder-virtualbox-ovf: 2015/09/14 08:59:55 Executing VBoxManage: []string{"modifyvm", "IOSXRv-5.3.0", "--nicpromisc1", "allow-all"}
2015/09/14 08:59:55 packer-builder-virtualbox-ovf: 2015/09/14 08:59:55 stdout:
2015/09/14 08:59:55 packer-builder-virtualbox-ovf: 2015/09/14 08:59:55 stderr:
2015/09/14 08:59:55 ui: [0;32m    IOSXRv: Executing: modifyvm IOSXRv-5.3.0 --uart1 0x3F8 4[0m
2015/09/14 08:59:55 packer-builder-virtualbox-ovf: 2015/09/14 08:59:55 Executing VBoxManage: []string{"modifyvm", "IOSXRv-5.3.0", "--uart1", "0x3F8", "4"}
2015/09/14 08:59:55 packer-builder-virtualbox-ovf: 2015/09/14 08:59:55 stdout:
2015/09/14 08:59:55 packer-builder-virtualbox-ovf: 2015/09/14 08:59:55 stderr:
2015/09/14 08:59:55 ui: [0;32m    IOSXRv: Executing: modifyvm IOSXRv-5.3.0 --uartmode1 server /Users/dbarroso/iosxrv_packer.pipe[0m
2015/09/14 08:59:55 packer-builder-virtualbox-ovf: 2015/09/14 08:59:55 Executing VBoxManage: []string{"modifyvm", "IOSXRv-5.3.0", "--uartmode1", "server", "/Users/dbarroso/iosxrv_packer.pipe"}
2015/09/14 08:59:55 packer-builder-virtualbox-ovf: 2015/09/14 08:59:55 stdout:
2015/09/14 08:59:55 packer-builder-virtualbox-ovf: 2015/09/14 08:59:55 stderr:
2015/09/14 08:59:55 ui: [1;32m==> IOSXRv: Starting the virtual machine...[0m
2015/09/14 08:59:55 ui: [0;32m    IOSXRv: WARNING: The VM will be started in headless mode, as configured.
    IOSXRv: In headless mode, errors during the boot sequence or OS setup
    IOSXRv: won't be easily visible. Use at your own discretion.[0m
2015/09/14 08:59:55 packer-builder-virtualbox-ovf: 2015/09/14 08:59:55 Executing VBoxManage: []string{"startvm", "IOSXRv-5.3.0", "--type", "headless"}
2015/09/14 08:59:55 packer-builder-virtualbox-ovf: 2015/09/14 08:59:55 stdout: Waiting for VM "IOSXRv-5.3.0" to power on...
2015/09/14 08:59:55 packer-builder-virtualbox-ovf: VM "IOSXRv-5.3.0" has been successfully started.
2015/09/14 08:59:55 packer-builder-virtualbox-ovf: 2015/09/14 08:59:55 stderr:
2015/09/14 08:59:55 ui: [1;32m==> IOSXRv: Waiting 3m0s for boot...[0m
2015/09/14 09:02:55 ui: [1;32m==> IOSXRv: Typing the boot command...[0m
2015/09/14 09:02:55 packer-builder-virtualbox-ovf: 2015/09/14 09:02:55 [INFO] communicator disabled, will not connect
2015/09/14 09:02:55 packer-builder-virtualbox-ovf: 2015/09/14 09:02:55 Executing VBoxManage: []string{"controlvm", "IOSXRv-5.3.0", "poweroff"}
2015/09/14 09:02:55 packer-builder-virtualbox-ovf: 2015/09/14 09:02:55 stdout:
2015/09/14 09:02:55 packer-builder-virtualbox-ovf: 2015/09/14 09:02:55 stderr: 0%...10%...20%...30%...40%...50%...60%...70%...80%...90%...100%
2015/09/14 09:02:55 ui: [1;32m==> IOSXRv: Unregistering and deleting imported VM...[0m
2015/09/14 09:02:55 packer-builder-virtualbox-ovf: 2015/09/14 09:02:55 Executing VBoxManage: []string{"unregistervm", "IOSXRv-5.3.0", "--delete"}
2015/09/14 09:02:55 packer-builder-virtualbox-ovf: 2015/09/14 09:02:55 stdout:
2015/09/14 09:02:55 packer-builder-virtualbox-ovf: 2015/09/14 09:02:55 stderr: 0%...10%...20%...30%...40%...50%...60%...70%...80%...90%...100%
2015/09/14 09:02:55 packer-builder-virtualbox-ovf: panic: interface conversion: interface is nil, not packer.Communicator
2015/09/14 09:02:55 packer-builder-virtualbox-ovf: 
2015/09/14 09:02:55 packer-builder-virtualbox-ovf: goroutine 19 [running]:
2015/09/14 09:02:55 packer-builder-virtualbox-ovf: github.com/mitchellh/packer/builder/virtualbox/common.(*StepUploadVersion).Run(0xc82025b290, 0x18448e0, 0xc820240d50, 0x0)
2015/09/14 09:02:55 packer-builder-virtualbox-ovf: 	/Users/cbednarski/code/golang/src/github.com/mitchellh/packer/builder/virtualbox/common/step_upload_version.go:18 +0xa4
2015/09/14 09:02:55 packer-builder-virtualbox-ovf: github.com/mitchellh/multistep.(*BasicRunner).Run(0xc820213d00, 0x18448e0, 0xc820240d50)
2015/09/14 09:02:55 packer-builder-virtualbox-ovf: 	/Users/cbednarski/code/golang/src/github.com/mitchellh/multistep/basic_runner.go:70 +0x330
2015/09/14 09:02:55 packer-builder-virtualbox-ovf: github.com/mitchellh/packer/builder/virtualbox/ovf.(*Builder).Run(0xc8200fb160, 0x18443f0, 0xc820259320, 0x1844438, 0xc82025b240, 0x1844468, 0xc8201b80d8, 0x0, 0x0, 0x0, ...)
2015/09/14 09:02:55 packer-builder-virtualbox-ovf: 	/Users/cbednarski/code/golang/src/github.com/mitchellh/packer/builder/virtualbox/ovf/builder.go:145 +0x186d
2015/09/14 09:02:55 packer-builder-virtualbox-ovf: github.com/mitchellh/packer/packer/rpc.(*BuilderServer).Run(0xc8200fb180, 0x1, 0xc82025e080, 0x0, 0x0)
2015/09/14 09:02:55 packer-builder-virtualbox-ovf: 	/Users/cbednarski/code/golang/src/github.com/mitchellh/packer/packer/rpc/builder.go:93 +0x3b9
2015/09/14 09:02:55 packer-builder-virtualbox-ovf: reflect.Value.call(0x5098c0, 0x580760, 0x13, 0x603858, 0x4, 0xc820281ed8, 0x3, 0x3, 0x0, 0x0, ...)
2015/09/14 09:02:55 packer-builder-virtualbox-ovf: 	/usr/local/go/src/reflect/value.go:432 +0x120a
2015/09/14 09:02:55 packer-builder-virtualbox-ovf: reflect.Value.Call(0x5098c0, 0x580760, 0x13, 0xc820281ed8, 0x3, 0x3, 0x0, 0x0, 0x0)
2015/09/14 09:02:55 packer-builder-virtualbox-ovf: 	/usr/local/go/src/reflect/value.go:300 +0xb1
2015/09/14 09:02:55 packer-builder-virtualbox-ovf: net/rpc.(*service).call(0xc820112a80, 0xc820112a40, 0xc8201740c0, 0xc820086d80, 0xc8201b05a0, 0x472340, 0xc82025e070, 0xca, 0x4589e0, 0xc82025e080, ...)
2015/09/14 09:02:55 packer-builder-virtualbox-ovf: 	/usr/local/go/src/net/rpc/server.go:383 +0x1c1
2015/09/14 09:02:55 packer-builder-virtualbox-ovf: created by net/rpc.(*Server).ServeCodec
2015/09/14 09:02:55 packer-builder-virtualbox-ovf: 	/usr/local/go/src/net/rpc/server.go:477 +0x4ac
2015/09/14 09:02:55 packer-builder-virtualbox-ovf: 
2015/09/14 09:02:55 packer-builder-virtualbox-ovf: goroutine 1 [select]:
2015/09/14 09:02:55 packer-builder-virtualbox-ovf: github.com/hashicorp/yamux.(*Stream).Read(0xc82019e000, 0xc8201ad000, 0x1000, 0x1000, 0x0, 0x0, 0x0)
2015/09/14 09:02:55 packer-builder-virtualbox-ovf: 	/Users/cbednarski/code/golang/src/github.com/hashicorp/yamux/stream.go:125 +0x3ae
2015/09/14 09:02:55 packer-builder-virtualbox-ovf: bufio.(*Reader).fill(0xc82019c2a0)
2015/09/14 09:02:55 packer-builder-virtualbox-ovf: 	/usr/local/go/src/bufio/bufio.go:97 +0x1e9
2015/09/14 09:02:55 packer-builder-virtualbox-ovf: bufio.(*Reader).ReadByte(0xc82019c2a0, 0x577e40, 0x0, 0x0)
2015/09/14 09:02:55 packer-builder-virtualbox-ovf: 	/usr/local/go/src/bufio/bufio.go:229 +0x7a
2015/09/14 09:02:55 packer-builder-virtualbox-ovf: github.com/hashicorp/go-msgpack/codec.(*ioDecReader).readn1(0xc8201a4060, 0x82)
2015/09/14 09:02:55 packer-builder-virtualbox-ovf: 	/Users/cbednarski/code/golang/src/github.com/hashicorp/go-msgpack/codec/decode.go:90 +0x42
2015/09/14 09:02:55 packer-builder-virtualbox-ovf: github.com/hashicorp/go-msgpack/codec.(*msgpackDecDriver).initReadNext(0xc8201a20e0)
2015/09/14 09:02:55 packer-builder-virtualbox-ovf: 	/Users/cbednarski/code/golang/src/github.com/hashicorp/go-msgpack/codec/msgpack.go:540 +0x41
2015/09/14 09:02:55 packer-builder-virtualbox-ovf: github.com/hashicorp/go-msgpack/codec.(*Decoder).decode(0xc82019c300, 0x4510c0, 0xc8201a2100)
2015/09/14 09:02:55 packer-builder-virtualbox-ovf: 	/Users/cbednarski/code/golang/src/github.com/hashicorp/go-msgpack/codec/decode.go:635 +0x70
2015/09/14 09:02:55 packer-builder-virtualbox-ovf: github.com/hashicorp/go-msgpack/codec.(*Decoder).Decode(0xc82019c300, 0x4510c0, 0xc8201a2100, 0x0, 0x0)
2015/09/14 09:02:55 packer-builder-virtualbox-ovf: 	/Users/cbednarski/code/golang/src/github.com/hashicorp/go-msgpack/codec/decode.go:630 +0x74
2015/09/14 09:02:55 packer-builder-virtualbox-ovf: github.com/hashicorp/go-msgpack/codec.(*rpcCodec).read(0xc820176380, 0x4510c0, 0xc8201a2100, 0x0, 0x0)
2015/09/14 09:02:55 packer-builder-virtualbox-ovf: 	/Users/cbednarski/code/golang/src/github.com/hashicorp/go-msgpack/codec/rpc.go:88 +0xd2
2015/09/14 09:02:55 packer-builder-virtualbox-ovf: github.com/hashicorp/go-msgpack/codec.(*goRpcCodec).ReadRequestHeader(0xc820176380, 0xc8201a2100, 0x0, 0x0)
2015/09/14 09:02:55 packer-builder-virtualbox-ovf: 	/Users/cbednarski/code/golang/src/github.com/hashicorp/go-msgpack/codec/rpc.go:127 +0x54
2015/09/14 09:02:55 packer-builder-virtualbox-ovf: net/rpc.(*Server).readRequestHeader(0xc820112a40, 0x1800520, 0xc820176380, 0x0, 0x0, 0xc8201a2100, 0xc8200afc00, 0x0, 0x0)
2015/09/14 09:02:55 packer-builder-virtualbox-ovf: 	/usr/local/go/src/net/rpc/server.go:576 +0x90
2015/09/14 09:02:55 packer-builder-virtualbox-ovf: net/rpc.(*Server).readRequest(0xc820112a40, 0x1800520, 0xc820176380, 0xc820112a40, 0xc8201740c0, 0xc820086d80, 0x0, 0x0, 0x0, 0x0, ...)
2015/09/14 09:02:55 packer-builder-virtualbox-ovf: 	/usr/local/go/src/net/rpc/server.go:543 +0x8b
2015/09/14 09:02:55 packer-builder-virtualbox-ovf: net/rpc.(*Server).ServeCodec(0xc820112a40, 0x1800520, 0xc820176380)
2015/09/14 09:02:55 packer-builder-virtualbox-ovf: 	/usr/local/go/src/net/rpc/server.go:462 +0x8c
2015/09/14 09:02:55 packer-builder-virtualbox-ovf: github.com/mitchellh/packer/packer/rpc.(*Server).Serve(0xc8200fb140)
2015/09/14 09:02:55 packer-builder-virtualbox-ovf: 	/Users/cbednarski/code/golang/src/github.com/mitchellh/packer/packer/rpc/server.go:141 +0x274
2015/09/14 09:02:55 packer-builder-virtualbox-ovf: main.main()
2015/09/14 09:02:55 packer-builder-virtualbox-ovf: 	/Users/cbednarski/code/golang/src/github.com/mitchellh/packer/plugin/builder-virtualbox-ovf/main.go:14 +0xc6
2015/09/14 09:02:55 packer-builder-virtualbox-ovf: 
2015/09/14 09:02:55 packer-builder-virtualbox-ovf: goroutine 17 [syscall, locked to thread]:
2015/09/14 09:02:55 packer-builder-virtualbox-ovf: runtime.goexit()
2015/09/14 09:02:55 packer-builder-virtualbox-ovf: 	/usr/local/go/src/runtime/asm_amd64.s:1696 +0x1
2015/09/14 09:02:55 packer-builder-virtualbox-ovf: 
2015/09/14 09:02:55 packer-builder-virtualbox-ovf: goroutine 5 [syscall]:
2015/09/14 09:02:55 packer-builder-virtualbox-ovf: os/signal.loop()
2015/09/14 09:02:55 packer-builder-virtualbox-ovf: 	/usr/local/go/src/os/signal/signal_unix.go:22 +0x18
2015/09/14 09:02:55 packer-builder-virtualbox-ovf: created by os/signal.init.1
2015/09/14 09:02:55 packer-builder-virtualbox-ovf: 	/usr/local/go/src/os/signal/signal_unix.go:28 +0x37
2015/09/14 09:02:55 packer-builder-virtualbox-ovf: 
2015/09/14 09:02:55 packer-builder-virtualbox-ovf: goroutine 7 [select, locked to thread]:
2015/09/14 09:02:55 packer-builder-virtualbox-ovf: runtime.gopark(0x7090e0, 0xc820028728, 0x60adc8, 0x6, 0x709018, 0x2)
2015/09/14 09:02:55 packer-builder-virtualbox-ovf: 	/usr/local/go/src/runtime/proc.go:185 +0x163
2015/09/14 09:02:55 packer-builder-virtualbox-ovf: runtime.selectgoImpl(0xc820028728, 0x0, 0x18)
2015/09/14 09:02:55 packer-builder-virtualbox-ovf: 	/usr/local/go/src/runtime/select.go:392 +0xa64
2015/09/14 09:02:55 packer-builder-virtualbox-ovf: runtime.selectgo(0xc820028728)
2015/09/14 09:02:55 packer-builder-virtualbox-ovf: 	/usr/local/go/src/runtime/select.go:212 +0x12
2015/09/14 09:02:55 packer-builder-virtualbox-ovf: runtime.ensureSigM.func1()
2015/09/14 09:02:55 packer-builder-virtualbox-ovf: 	/usr/local/go/src/runtime/signal1_unix.go:227 +0x323
2015/09/14 09:02:55 packer-builder-virtualbox-ovf: runtime.goexit()
2015/09/14 09:02:55 packer-builder-virtualbox-ovf: 	/usr/local/go/src/runtime/asm_amd64.s:1696 +0x1
2015/09/14 09:02:55 packer-builder-virtualbox-ovf: 
2015/09/14 09:02:55 packer-builder-virtualbox-ovf: goroutine 8 [chan receive]:
2015/09/14 09:02:55 packer-builder-virtualbox-ovf: github.com/mitchellh/packer/packer/plugin.Server.func1(0xc820016540)
2015/09/14 09:02:55 packer-builder-virtualbox-ovf: 	/Users/cbednarski/code/golang/src/github.com/mitchellh/packer/packer/plugin/server.go:92 +0x66
2015/09/14 09:02:55 packer-builder-virtualbox-ovf: created by github.com/mitchellh/packer/packer/plugin.Server
2015/09/14 09:02:55 packer-builder-virtualbox-ovf: 	/Users/cbednarski/code/golang/src/github.com/mitchellh/packer/packer/plugin/server.go:96 +0xcb5
2015/09/14 09:02:55 packer-builder-virtualbox-ovf: 
2015/09/14 09:02:55 packer-builder-virtualbox-ovf: goroutine 9 [runnable]:
2015/09/14 09:02:55 packer-builder-virtualbox-ovf: syscall.Syscall(0x3, 0x5, 0xc820160000, 0x1000, 0xffffffffffffffff, 0x0, 0x23)
2015/09/14 09:02:55 packer-builder-virtualbox-ovf: 	/usr/local/go/src/syscall/asm_darwin_amd64.s:16 +0x5
2015/09/14 09:02:55 packer-builder-virtualbox-ovf: syscall.read(0x5, 0xc820160000, 0x1000, 0x1000, 0x72, 0x0, 0x0)
2015/09/14 09:02:55 packer-builder-virtualbox-ovf: 	/usr/local/go/src/syscall/zsyscall_darwin_amd64.go:972 +0x5f
2015/09/14 09:02:55 packer-builder-virtualbox-ovf: syscall.Read(0x5, 0xc820160000, 0x1000, 0x1000, 0xc820182180, 0x0, 0x0)
2015/09/14 09:02:55 packer-builder-virtualbox-ovf: 	/usr/local/go/src/syscall/syscall_unix.go:160 +0x4d
2015/09/14 09:02:55 packer-builder-virtualbox-ovf: net.(*netFD).Read(0xc82010c4d0, 0xc820160000, 0x1000, 0x1000, 0x0, 0x0, 0x0)
2015/09/14 09:02:55 packer-builder-virtualbox-ovf: 	/usr/local/go/src/net/fd_unix.go:228 +0x18b
2015/09/14 09:02:55 packer-builder-virtualbox-ovf: net.(*conn).Read(0xc82002a100, 0xc820160000, 0x1000, 0x1000, 0x0, 0x0, 0x0)
2015/09/14 09:02:55 packer-builder-virtualbox-ovf: 	/usr/local/go/src/net/net.go:172 +0xe4
2015/09/14 09:02:55 packer-builder-virtualbox-ovf: bufio.(*Reader).fill(0xc8200166c0)
2015/09/14 09:02:55 packer-builder-virtualbox-ovf: 	/usr/local/go/src/bufio/bufio.go:97 +0x1e9
2015/09/14 09:02:55 packer-builder-virtualbox-ovf: bufio.(*Reader).Read(0xc8200166c0, 0xc820174010, 0xc, 0xc, 0xc820174012, 0x0, 0x0)
2015/09/14 09:02:55 packer-builder-virtualbox-ovf: 	/usr/local/go/src/bufio/bufio.go:207 +0x260
2015/09/14 09:02:55 packer-builder-virtualbox-ovf: io.ReadAtLeast(0x1800000, 0xc8200166c0, 0xc820174010, 0xc, 0xc, 0xc, 0x0, 0x0, 0x0)
2015/09/14 09:02:55 packer-builder-virtualbox-ovf: 	/usr/local/go/src/io/io.go:298 +0xe6
2015/09/14 09:02:55 packer-builder-virtualbox-ovf: io.ReadFull(0x1800000, 0xc8200166c0, 0xc820174010, 0xc, 0xc, 0xc, 0x0, 0x0)
2015/09/14 09:02:55 packer-builder-virtualbox-ovf: 	/usr/local/go/src/io/io.go:316 +0x62
2015/09/14 09:02:55 packer-builder-virtualbox-ovf: github.com/hashicorp/yamux.(*Session).recvLoop(0xc820137970, 0x0, 0x0)
2015/09/14 09:02:55 packer-builder-virtualbox-ovf: 	/Users/cbednarski/code/golang/src/github.com/hashicorp/yamux/session.go:398 +0x11e
2015/09/14 09:02:55 packer-builder-virtualbox-ovf: github.com/hashicorp/yamux.(*Session).recv(0xc820137970)
2015/09/14 09:02:55 packer-builder-virtualbox-ovf: 	/Users/cbednarski/code/golang/src/github.com/hashicorp/yamux/session.go:386 +0x21
2015/09/14 09:02:55 packer-builder-virtualbox-ovf: created by github.com/hashicorp/yamux.newSession
2015/09/14 09:02:55 packer-builder-virtualbox-ovf: 	/Users/cbednarski/code/golang/src/github.com/hashicorp/yamux/session.go:104 +0x4b1
2015/09/14 09:02:55 packer-builder-virtualbox-ovf: 
2015/09/14 09:02:55 packer-builder-virtualbox-ovf: goroutine 10 [select]:
2015/09/14 09:02:55 packer-builder-virtualbox-ovf: github.com/hashicorp/yamux.(*Session).send(0xc820137970)
2015/09/14 09:02:55 packer-builder-virtualbox-ovf: 	/Users/cbednarski/code/golang/src/github.com/hashicorp/yamux/session.go:348 +0x5e1
2015/09/14 09:02:55 packer-builder-virtualbox-ovf: created by github.com/hashicorp/yamux.newSession
2015/09/14 09:02:55 packer-builder-virtualbox-ovf: 	/Users/cbednarski/code/golang/src/github.com/hashicorp/yamux/session.go:105 +0x4d3
2015/09/14 09:02:55 packer-builder-virtualbox-ovf: 
2015/09/14 09:02:55 packer-builder-virtualbox-ovf: goroutine 11 [select]:
2015/09/14 09:02:55 packer-builder-virtualbox-ovf: github.com/hashicorp/yamux.(*Session).keepalive(0xc820137970)
2015/09/14 09:02:55 packer-builder-virtualbox-ovf: 	/Users/cbednarski/code/golang/src/github.com/hashicorp/yamux/session.go:287 +0x107
2015/09/14 09:02:55 packer-builder-virtualbox-ovf: created by github.com/hashicorp/yamux.newSession
2015/09/14 09:02:55 packer-builder-virtualbox-ovf: 	/Users/cbednarski/code/golang/src/github.com/hashicorp/yamux/session.go:107 +0x506
2015/09/14 09:02:55 packer-builder-virtualbox-ovf: 
2015/09/14 09:02:55 packer-builder-virtualbox-ovf: goroutine 12 [select]:
2015/09/14 09:02:55 packer-builder-virtualbox-ovf: github.com/hashicorp/yamux.(*Session).AcceptStream(0xc820137970, 0x708800, 0x0, 0x0)
2015/09/14 09:02:55 packer-builder-virtualbox-ovf: 	/Users/cbednarski/code/golang/src/github.com/hashicorp/yamux/session.go:191 +0x19d
2015/09/14 09:02:55 packer-builder-virtualbox-ovf: github.com/mitchellh/packer/packer/rpc.(*muxBroker).Run(0xc8200fb120)
2015/09/14 09:02:55 packer-builder-virtualbox-ovf: 	/Users/cbednarski/code/golang/src/github.com/mitchellh/packer/packer/rpc/mux_broker.go:126 +0x34
2015/09/14 09:02:55 packer-builder-virtualbox-ovf: created by github.com/mitchellh/packer/packer/rpc.NewServer
2015/09/14 09:02:55 packer-builder-virtualbox-ovf: 	/Users/cbednarski/code/golang/src/github.com/mitchellh/packer/packer/rpc/server.go:42 +0x14a
2015/09/14 09:02:55 packer-builder-virtualbox-ovf: 
2015/09/14 09:02:55 packer-builder-virtualbox-ovf: goroutine 113 [runnable]:
2015/09/14 09:02:55 packer-builder-virtualbox-ovf: github.com/hashicorp/yamux.(*Stream).Read(0xc820264000, 0xc820271000, 0x1000, 0x1000, 0x0, 0x0, 0x0)
2015/09/14 09:02:55 packer-builder-virtualbox-ovf: 	/Users/cbednarski/code/golang/src/github.com/hashicorp/yamux/stream.go:125 +0x3ae
2015/09/14 09:02:55 packer-builder-virtualbox-ovf: bufio.(*Reader).fill(0xc820242960)
2015/09/14 09:02:55 packer-builder-virtualbox-ovf: 	/usr/local/go/src/bufio/bufio.go:97 +0x1e9
2015/09/14 09:02:55 packer-builder-virtualbox-ovf: bufio.(*Reader).ReadByte(0xc820242960, 0xc82034a2d0, 0x0, 0x0)
2015/09/14 09:02:55 packer-builder-virtualbox-ovf: 	/usr/local/go/src/bufio/bufio.go:229 +0x7a
2015/09/14 09:02:55 packer-builder-virtualbox-ovf: github.com/hashicorp/go-msgpack/codec.(*ioDecReader).readn1(0xc820240cc0, 0x2ba9f1)
2015/09/14 09:02:55 packer-builder-virtualbox-ovf: 	/Users/cbednarski/code/golang/src/github.com/hashicorp/go-msgpack/codec/decode.go:90 +0x42
2015/09/14 09:02:55 packer-builder-virtualbox-ovf: github.com/hashicorp/go-msgpack/codec.(*msgpackDecDriver).initReadNext(0xc8202592e0)
2015/09/14 09:02:55 packer-builder-virtualbox-ovf: 	/Users/cbednarski/code/golang/src/github.com/hashicorp/go-msgpack/codec/msgpack.go:540 +0x41
2015/09/14 09:02:55 packer-builder-virtualbox-ovf: github.com/hashicorp/go-msgpack/codec.(*Decoder).decode(0xc8202429c0, 0x451120, 0xc820262060)
2015/09/14 09:02:55 packer-builder-virtualbox-ovf: 	/Users/cbednarski/code/golang/src/github.com/hashicorp/go-msgpack/codec/decode.go:635 +0x70
2015/09/14 09:02:55 packer-builder-virtualbox-ovf: github.com/hashicorp/go-msgpack/codec.(*Decoder).Decode(0xc8202429c0, 0x451120, 0xc820262060, 0x0, 0x0)
2015/09/14 09:02:55 packer-builder-virtualbox-ovf: 	/Users/cbednarski/code/golang/src/github.com/hashicorp/go-msgpack/codec/decode.go:630 +0x74
2015/09/14 09:02:55 packer-builder-virtualbox-ovf: github.com/hashicorp/go-msgpack/codec.(*rpcCodec).read(0xc820213c40, 0x451120, 0xc820262060, 0x0, 0x0)
2015/09/14 09:02:55 packer-builder-virtualbox-ovf: 	/Users/cbednarski/code/golang/src/github.com/hashicorp/go-msgpack/codec/rpc.go:88 +0xd2
2015/09/14 09:02:55 packer-builder-virtualbox-ovf: github.com/hashicorp/go-msgpack/codec.(*goRpcCodec).ReadResponseHeader(0xc820213c40, 0xc820262060, 0x0, 0x0)
2015/09/14 09:02:55 packer-builder-virtualbox-ovf: 	/Users/cbednarski/code/golang/src/github.com/hashicorp/go-msgpack/codec/rpc.go:123 +0x54
2015/09/14 09:02:55 packer-builder-virtualbox-ovf: net/rpc.(*Client).input(0xc820242a20)
2015/09/14 09:02:55 packer-builder-virtualbox-ovf: 	/usr/local/go/src/net/rpc/client.go:109 +0xbf
2015/09/14 09:02:55 packer-builder-virtualbox-ovf: created by net/rpc.NewClientWithCodec
2015/09/14 09:02:55 packer-builder-virtualbox-ovf: 	/usr/local/go/src/net/rpc/client.go:201 +0xd2
2015/09/14 09:02:55 ui error: [1;31mBuild 'IOSXRv' errored: unexpected EOF[0m
2015/09/14 09:02:55 Builds completed. Waiting on interrupt barrier...
2015/09/14 09:02:55 /usr/local/bin/packer-builder-virtualbox-ovf: plugin process exited
2015/09/14 09:02:55 machine readable: error-count []string{"1"}
2015/09/14 09:02:55 ui error: 
==> Some builds didn't complete successfully and had errors:
2015/09/14 09:02:55 machine readable: IOSXRv,error []string{"unexpected EOF"}
2015/09/14 09:02:55 ui error: --> IOSXRv: unexpected EOF
2015/09/14 09:02:55 ui: 
==> Builds finished but no artifacts were created.
2015/09/14 09:02:55 waiting for all plugin processes to complete...
2015/09/14 09:02:55 /usr/local/bin/packer-post-processor-vagrant: plugin process exited
